build/app/intermediates/proguard-rules/release/aapt_rules.txt
# Referenced at merged_manifests/release/AndroidManifest.xml:24
-keep class androidx.core.app.CoreComponentFactory { <init>(); }
# Referenced at merged_manifests/release/AndroidManifest.xml:29
-keep class co.duft.dicee.MainActivity { <init>(); }
# Referenced at merged_manifests/release/AndroidManifest.xml:24
-keep class io.flutter.app.FlutterApplication { <init>(); }